[debug] [2023-03-07T16:57:53.693Z] ----------------------------------------------------------------------
[debug] [2023-03-07T16:57:53.699Z] Command:       C:\Program Files\nodejs\node.exe C:\Users\stss\AppData\Roaming\npm\node_modules\firebase-tools\lib\bin\firebase.js emulators:start
[debug] [2023-03-07T16:57:53.700Z] CLI Version:   11.24.0
[debug] [2023-03-07T16:57:53.701Z] Platform:      win32
[debug] [2023-03-07T16:57:53.701Z] Node Version:  v19.7.0
[debug] [2023-03-07T16:57:53.848Z] Time:          Tue Mar 07 2023 17:57:53 GMT+0100 (West Africa Standard Time)
[debug] [2023-03-07T16:57:53.848Z] ----------------------------------------------------------------------
[debug] 
[debug] [2023-03-07T16:57:55.052Z] > command requires scopes: ["email","openid","https://www.googleapis.com/auth/cloudplatformprojects.readonly","https://www.googleapis.com/auth/firebase","https://www.googleapis.com/auth/cloud-platform"]
[debug] [2023-03-07T16:57:55.063Z] > authorizing via signed-in user (sethikhielea@gmail.com)
[info] i  emulators: Starting emulators: functions {"metadata":{"emulator":{"name":"hub"},"message":"Starting emulators: functions"}}
[debug] [2023-03-07T16:57:55.121Z] [logging] Logging Emulator only supports listening on one address (127.0.0.1). Not listening on ::1
[debug] [2023-03-07T16:57:55.123Z] assigned listening specs for emulators {"user":{"hub":[{"address":"127.0.0.1","family":"IPv4","port":4400},{"address":"::1","family":"IPv6","port":4400}],"ui":[{"address":"127.0.0.1","family":"IPv4","port":4000},{"address":"::1","family":"IPv6","port":4000}],"logging":[{"address":"127.0.0.1","family":"IPv4","port":4500}]},"metadata":{"message":"assigned listening specs for emulators"}}
[debug] [2023-03-07T16:57:55.150Z] [hub] writing locator at C:\Users\stss\AppData\Local\Temp\hub-aliexpress-clone-73a90.json
[debug] [2023-03-07T16:57:55.376Z] [functions] Functions Emulator only supports listening on one address (127.0.0.1). Not listening on ::1
[debug] [2023-03-07T16:57:55.377Z] [eventarc] Eventarc Emulator only supports listening on one address (127.0.0.1). Not listening on ::1
[debug] [2023-03-07T16:57:55.378Z] late-assigned ports for functions and eventarc emulators {"user":{"hub":[{"address":"127.0.0.1","family":"IPv4","port":4400},{"address":"::1","family":"IPv6","port":4400}],"ui":[{"address":"127.0.0.1","family":"IPv4","port":4000},{"address":"::1","family":"IPv6","port":4000}],"logging":[{"address":"127.0.0.1","family":"IPv4","port":4500}],"functions":[{"address":"127.0.0.1","family":"IPv4","port":5001}],"eventarc":[{"address":"127.0.0.1","family":"IPv4","port":9299}]},"metadata":{"message":"late-assigned ports for functions and eventarc emulators"}}
[warn] !  functions: The following emulators are not running, calls to these services from the Functions emulator will affect production: auth, firestore, database, hosting, pubsub, storage {"metadata":{"emulator":{"name":"functions"},"message":"The following emulators are not running, calls to these services from the Functions emulator will affect production: \u001b[1mauth, firestore, database, hosting, pubsub, storage\u001b[22m"}}
[debug] [2023-03-07T16:57:55.405Z] defaultcredentials: writing to file C:\Users\stss\AppData\Roaming\firebase\sethikhielea_gmail_com_application_default_credentials.json
[debug] [2023-03-07T16:57:55.729Z] Setting GAC to C:\Users\stss\AppData\Roaming\firebase\sethikhielea_gmail_com_application_default_credentials.json {"metadata":{"emulator":{"name":"functions"},"message":"Setting GAC to C:\\Users\\stss\\AppData\\Roaming\\firebase\\sethikhielea_gmail_com_application_default_credentials.json"}}
[debug] [2023-03-07T16:57:55.733Z] > refreshing access token with scopes: []
[debug] [2023-03-07T16:57:55.739Z] >>> [apiv2][query] POST https://www.googleapis.com/oauth2/v3/token [none]
[debug] [2023-03-07T16:57:55.739Z] >>> [apiv2][body] POST https://www.googleapis.com/oauth2/v3/token [omitted]
[debug] [2023-03-07T16:57:57.093Z] <<< [apiv2][status] POST https://www.googleapis.com/oauth2/v3/token 200
[debug] [2023-03-07T16:57:57.093Z] <<< [apiv2][body] POST https://www.googleapis.com/oauth2/v3/token [omitted]
[debug] [2023-03-07T16:57:57.331Z] >>> [apiv2][query] GET https://firebase.googleapis.com/v1beta1/projects/aliexpress-clone-73a90/adminSdkConfig [none]
[debug] [2023-03-07T16:57:58.309Z] <<< [apiv2][status] GET https://firebase.googleapis.com/v1beta1/projects/aliexpress-clone-73a90/adminSdkConfig 200
[debug] [2023-03-07T16:57:58.310Z] <<< [apiv2][body] GET https://firebase.googleapis.com/v1beta1/projects/aliexpress-clone-73a90/adminSdkConfig {"projectId":"aliexpress-clone-73a90","storageBucket":"aliexpress-clone-73a90.appspot.com"}
[debug] [2023-03-07T16:57:58.590Z] Ignoring unsupported arg: auto_download {"metadata":{"emulator":{"name":"ui"},"message":"Ignoring unsupported arg: auto_download"}}
[debug] [2023-03-07T16:57:58.591Z] Ignoring unsupported arg: port {"metadata":{"emulator":{"name":"ui"},"message":"Ignoring unsupported arg: port"}}
[debug] [2023-03-07T16:57:58.591Z] Starting Emulator UI with command {"binary":"node","args":["C:\\Users\\stss\\.cache\\firebase\\emulators\\ui-v1.11.4\\server\\server.js"],"optionalArgs":[],"joinArgs":false} {"metadata":{"emulator":{"name":"ui"},"message":"Starting Emulator UI with command {\"binary\":\"node\",\"args\":[\"C:\\\\Users\\\\stss\\\\.cache\\\\firebase\\\\emulators\\\\ui-v1.11.4\\\\server\\\\server.js\"],\"optionalArgs\":[],\"joinArgs\":false}"}}
[info] i  ui: Emulator UI logging to ui-debug.log {"metadata":{"emulator":{"name":"ui"},"message":"Emulator UI logging to \u001b[1mui-debug.log\u001b[22m"}}
[debug] [2023-03-07T16:57:59.555Z] Web / API server started at 127.0.0.1:4000
 {"metadata":{"emulator":{"name":"ui"},"message":"Web / API server started at 127.0.0.1:4000\n"}}
[debug] [2023-03-07T16:57:59.556Z] Web / API server started at ::1:4000
 {"metadata":{"emulator":{"name":"ui"},"message":"Web / API server started at ::1:4000\n"}}
[info] i  functions: Watching "C:\Users\stss\Desktop\react\my-project\functions" for Cloud Functions... {"metadata":{"emulator":{"name":"functions"},"message":"Watching \"C:\\Users\\stss\\Desktop\\react\\my-project\\functions\" for Cloud Functions..."}}
[debug] [2023-03-07T16:57:59.709Z] Validating nodejs source
[debug] [2023-03-07T16:58:08.535Z] > [functions] package.json contents: {
  "name": "functions",
  "description": "Cloud Functions for Firebase",
  "scripts": {
    "lint": "eslint .",
    "serve": "firebase emulators:start --only functions",
    "shell": "firebase functions:shell",
    "start": "npm run shell",
    "deploy": "firebase deploy --only functions",
    "logs": "firebase functions:log"
  },
  "engines": {
    "node": "16"
  },
  "main": "index.js",
  "dependencies": {
    "cors": "^2.8.5",
    "express": "^4.18.2",
    "firebase-admin": "^11.5.0",
    "firebase-functions": "^4.2.1",
    "morgan": "^1.10.0",
    "stripe": "^11.13.0"
  },
  "devDependencies": {
    "eslint": "^8.15.0",
    "eslint-config-google": "^0.14.0",
    "firebase-functions-test": "^3.0.0"
  },
  "rewrites": {
    "functions": "savedDev"
  },
  "private": true
}
[debug] [2023-03-07T16:58:08.536Z] Building nodejs source
[debug] [2023-03-07T16:58:08.537Z] Failed to find version of module node: reached end of search path C:\Users\stss\Desktop\react\my-project\functions\node_modules
[warn] !  functions: Your requested "node" version "16" doesn't match your global version "19". Using node@19 from host. 
[debug] [2023-03-07T16:58:08.550Z] Could not find functions.yaml. Must use http discovery
[debug] [2023-03-07T16:58:08.696Z] Found firebase-functions binary at 'C:\Users\stss\Desktop\react\my-project\functions\node_modules\.bin\firebase-functions'
[error] !!  functions: Failed to load function definition from source: FetchError: request to http://localhost:8403/__/quitquitquit failed, reason: connect ECONNREFUSED ::1:8403 {"metadata":{"emulator":{"name":"functions"},"message":"Failed to load function definition from source: FetchError: request to http://localhost:8403/__/quitquitquit failed, reason: connect ECONNREFUSED ::1:8403"}}
[info] 
┌─────────────────────────────────────────────────────────────┐
│ ✔  All emulators ready! It is now safe to connect your app. │
│ i  View Emulator UI at http://127.0.0.1:4000/               │
└─────────────────────────────────────────────────────────────┘

┌───────────┬────────────────┬─────────────────────────────────┐
│ Emulator  │ Host:Port      │ View in Emulator UI             │
├───────────┼────────────────┼─────────────────────────────────┤
│ Functions │ 127.0.0.1:5001 │ http://127.0.0.1:4000/functions │
└───────────┴────────────────┴─────────────────────────────────┘
  Emulator Hub running at 127.0.0.1:4400
  Other reserved ports: 4500

Issues? Report them at https://github.com/firebase/firebase-tools/issues and attach the *-debug.log files.
 
[debug] [2023-03-07T16:59:00.061Z] Serving at port 8403

[debug] [2023-03-07T17:03:37.305Z] File C:\Users\stss\Desktop\react\my-project\functions\index.js changed, reloading triggers {"metadata":{"emulator":{"name":"functions"},"message":"File C:\\Users\\stss\\Desktop\\react\\my-project\\functions\\index.js changed, reloading triggers"}}
[debug] [2023-03-07T17:03:38.327Z] Validating nodejs source
[debug] [2023-03-07T17:03:48.688Z] checkFunctionsSDKVersion was unable to fetch information from NPM Error: spawnSync C:\Windows\system32\cmd.exe ETIMEDOUT
    at Object.spawnSync (node:internal/child_process:1117:20)
    at Object.spawnSync (node:child_process:871:24)
    at Function.spawnSync [as sync] (C:\Users\stss\AppData\Roaming\npm\node_modules\firebase-tools\node_modules\cross-spawn\index.js:26:23)
    at Object.getLatestSDKVersion (C:\Users\stss\AppData\Roaming\npm\node_modules\firebase-tools\lib\deploy\functions\runtimes\node\versioning.js:55:25)
    at Object.checkFunctionsSDKVersion (C:\Users\stss\AppData\Roaming\npm\node_modules\firebase-tools\lib\deploy\functions\runtimes\node\versioning.js:76:32)
    at Delegate.validate (C:\Users\stss\AppData\Roaming\npm\node_modules\firebase-tools\lib\deploy\functions\runtimes\node\index.js:84:20)
    at FunctionsEmulator.discoverTriggers (C:\Users\stss\AppData\Roaming\npm\node_modules\firebase-tools\lib\emulator\functionsEmulator.js:291:35)
    at async FunctionsEmulator.loadTriggers (C:\Users\stss\AppData\Roaming\npm\node_modules\firebase-tools\lib\emulator\functionsEmulator.js:320:34)
[debug] [2023-03-07T17:03:48.692Z] > [functions] package.json contents: {
  "name": "functions",
  "description": "Cloud Functions for Firebase",
  "scripts": {
    "lint": "eslint .",
    "serve": "firebase emulators:start --only functions",
    "shell": "firebase functions:shell",
    "start": "npm run shell",
    "deploy": "firebase deploy --only functions",
    "logs": "firebase functions:log"
  },
  "engines": {
    "node": "16"
  },
  "main": "index.js",
  "dependencies": {
    "cors": "^2.8.5",
    "express": "^4.18.2",
    "firebase-admin": "^11.5.0",
    "firebase-functions": "^4.2.1",
    "morgan": "^1.10.0",
    "stripe": "^11.13.0"
  },
  "devDependencies": {
    "eslint": "^8.15.0",
    "eslint-config-google": "^0.14.0",
    "firebase-functions-test": "^3.0.0"
  },
  "rewrites": {
    "functions": "savedDev"
  },
  "private": true
}
[debug] [2023-03-07T17:03:48.692Z] Building nodejs source
[debug] [2023-03-07T17:03:48.693Z] Failed to find version of module node: reached end of search path C:\Users\stss\Desktop\react\my-project\functions\node_modules
[warn] !  functions: Your requested "node" version "16" doesn't match your global version "19". Using node@19 from host. 
[debug] [2023-03-07T17:03:48.704Z] Could not find functions.yaml. Must use http discovery
[debug] [2023-03-07T17:03:48.785Z] Found firebase-functions binary at 'C:\Users\stss\Desktop\react\my-project\functions\node_modules\.bin\firebase-functions'
[debug] [2023-03-07T17:04:07.009Z] Serving at port 8263

[debug] [2023-03-07T17:05:04.628Z] shutdown requested via /__/quitquitquit

[error] !!  functions: Failed to load function definition from source: FirebaseError: User code failed to load. Cannot determine backend specification {"metadata":{"emulator":{"name":"functions"},"message":"Failed to load function definition from source: FirebaseError: User code failed to load. Cannot determine backend specification"}}
[debug] [2023-03-07T17:05:34.328Z] File C:\Users\stss\Desktop\react\my-project\functions\index.js changed, reloading triggers {"metadata":{"emulator":{"name":"functions"},"message":"File C:\\Users\\stss\\Desktop\\react\\my-project\\functions\\index.js changed, reloading triggers"}}
[debug] [2023-03-07T17:05:35.346Z] Validating nodejs source
[debug] [2023-03-07T17:05:45.790Z] checkFunctionsSDKVersion was unable to fetch information from NPM Error: spawnSync C:\Windows\system32\cmd.exe ETIMEDOUT
    at Object.spawnSync (node:internal/child_process:1117:20)
    at Object.spawnSync (node:child_process:871:24)
    at Function.spawnSync [as sync] (C:\Users\stss\AppData\Roaming\npm\node_modules\firebase-tools\node_modules\cross-spawn\index.js:26:23)
    at Object.getLatestSDKVersion (C:\Users\stss\AppData\Roaming\npm\node_modules\firebase-tools\lib\deploy\functions\runtimes\node\versioning.js:55:25)
    at Object.checkFunctionsSDKVersion (C:\Users\stss\AppData\Roaming\npm\node_modules\firebase-tools\lib\deploy\functions\runtimes\node\versioning.js:76:32)
    at Delegate.validate (C:\Users\stss\AppData\Roaming\npm\node_modules\firebase-tools\lib\deploy\functions\runtimes\node\index.js:84:20)
    at FunctionsEmulator.discoverTriggers (C:\Users\stss\AppData\Roaming\npm\node_modules\firebase-tools\lib\emulator\functionsEmulator.js:291:35)
    at async FunctionsEmulator.loadTriggers (C:\Users\stss\AppData\Roaming\npm\node_modules\firebase-tools\lib\emulator\functionsEmulator.js:320:34)
[debug] [2023-03-07T17:05:45.792Z] > [functions] package.json contents: {
  "name": "functions",
  "description": "Cloud Functions for Firebase",
  "scripts": {
    "lint": "eslint .",
    "serve": "firebase emulators:start --only functions",
    "shell": "firebase functions:shell",
    "start": "npm run shell",
    "deploy": "firebase deploy --only functions",
    "logs": "firebase functions:log"
  },
  "engines": {
    "node": "16"
  },
  "main": "index.js",
  "dependencies": {
    "cors": "^2.8.5",
    "express": "^4.18.2",
    "firebase-admin": "^11.5.0",
    "firebase-functions": "^4.2.1",
    "morgan": "^1.10.0",
    "stripe": "^11.13.0"
  },
  "devDependencies": {
    "eslint": "^8.15.0",
    "eslint-config-google": "^0.14.0",
    "firebase-functions-test": "^3.0.0"
  },
  "rewrites": {
    "functions": "savedDev"
  },
  "private": true
}
[debug] [2023-03-07T17:05:45.793Z] Building nodejs source
[debug] [2023-03-07T17:05:45.794Z] Failed to find version of module node: reached end of search path C:\Users\stss\Desktop\react\my-project\functions\node_modules
[warn] !  functions: Your requested "node" version "16" doesn't match your global version "19". Using node@19 from host. 
[debug] [2023-03-07T17:05:45.801Z] Could not find functions.yaml. Must use http discovery
[debug] [2023-03-07T17:05:47.321Z] Found firebase-functions binary at 'C:\Users\stss\Desktop\react\my-project\functions\node_modules\.bin\firebase-functions'
[error] !!  functions: Failed to load function definition from source: FetchError: request to http://localhost:8726/__/quitquitquit failed, reason: connect ECONNREFUSED ::1:8726 {"metadata":{"emulator":{"name":"functions"},"message":"Failed to load function definition from source: FetchError: request to http://localhost:8726/__/quitquitquit failed, reason: connect ECONNREFUSED ::1:8726"}}
[debug] [2023-03-07T17:06:29.496Z] Serving at port 8726

[debug] [2023-03-07T17:08:59.909Z] File C:\Users\stss\Desktop\react\my-project\functions\index.js changed, reloading triggers {"metadata":{"emulator":{"name":"functions"},"message":"File C:\\Users\\stss\\Desktop\\react\\my-project\\functions\\index.js changed, reloading triggers"}}
[debug] [2023-03-07T17:09:00.917Z] Validating nodejs source
[debug] [2023-03-07T17:09:13.442Z] checkFunctionsSDKVersion was unable to fetch information from NPM Error: spawnSync C:\Windows\system32\cmd.exe ETIMEDOUT
    at Object.spawnSync (node:internal/child_process:1117:20)
    at Object.spawnSync (node:child_process:871:24)
    at Function.spawnSync [as sync] (C:\Users\stss\AppData\Roaming\npm\node_modules\firebase-tools\node_modules\cross-spawn\index.js:26:23)
    at Object.getLatestSDKVersion (C:\Users\stss\AppData\Roaming\npm\node_modules\firebase-tools\lib\deploy\functions\runtimes\node\versioning.js:55:25)
    at Object.checkFunctionsSDKVersion (C:\Users\stss\AppData\Roaming\npm\node_modules\firebase-tools\lib\deploy\functions\runtimes\node\versioning.js:76:32)
    at Delegate.validate (C:\Users\stss\AppData\Roaming\npm\node_modules\firebase-tools\lib\deploy\functions\runtimes\node\index.js:84:20)
    at FunctionsEmulator.discoverTriggers (C:\Users\stss\AppData\Roaming\npm\node_modules\firebase-tools\lib\emulator\functionsEmulator.js:291:35)
    at async FunctionsEmulator.loadTriggers (C:\Users\stss\AppData\Roaming\npm\node_modules\firebase-tools\lib\emulator\functionsEmulator.js:320:34)
[debug] [2023-03-07T17:09:13.445Z] > [functions] package.json contents: {
  "name": "functions",
  "description": "Cloud Functions for Firebase",
  "scripts": {
    "lint": "eslint .",
    "serve": "firebase emulators:start --only functions",
    "shell": "firebase functions:shell",
    "start": "npm run shell",
    "deploy": "firebase deploy --only functions",
    "logs": "firebase functions:log"
  },
  "engines": {
    "node": "16"
  },
  "main": "index.js",
  "dependencies": {
    "cors": "^2.8.5",
    "express": "^4.18.2",
    "firebase-admin": "^11.5.0",
    "firebase-functions": "^4.2.1",
    "morgan": "^1.10.0",
    "stripe": "^11.13.0"
  },
  "devDependencies": {
    "eslint": "^8.15.0",
    "eslint-config-google": "^0.14.0",
    "firebase-functions-test": "^3.0.0"
  },
  "rewrites": {
    "functions": "savedDev"
  },
  "private": true
}
[debug] [2023-03-07T17:09:13.445Z] Building nodejs source
[debug] [2023-03-07T17:09:13.446Z] Failed to find version of module node: reached end of search path C:\Users\stss\Desktop\react\my-project\functions\node_modules
[warn] !  functions: Your requested "node" version "16" doesn't match your global version "19". Using node@19 from host. 
[debug] [2023-03-07T17:09:13.456Z] Could not find functions.yaml. Must use http discovery
[debug] [2023-03-07T17:09:13.477Z] Found firebase-functions binary at 'C:\Users\stss\Desktop\react\my-project\functions\node_modules\.bin\firebase-functions'
[debug] [2023-03-07T17:09:27.265Z] Serving at port 8097

[debug] [2023-03-07T17:09:40.768Z] Got response from /__/functions.yaml {"endpoints":{"api":{"platform":"gcfv1","availableMemoryMb":null,"timeoutSeconds":null,"minInstances":null,"maxInstances":null,"ingressSettings":null,"serviceAccountEmail":null,"vpc":null,"httpsTrigger":{},"entryPoint":"api"}},"specVersion":"v1alpha1","requiredAPIs":[]}
[debug] [2023-03-07T17:09:40.890Z] shutdown requested via /__/quitquitquit

[info] +  functions: Loaded functions definitions from source: api. {"metadata":{"emulator":{"name":"functions"},"message":"Loaded functions definitions from source: api."}}
[info] +  functions[us-central1-api]: http function initialized (http://127.0.0.1:5001/aliexpress-clone-73a90/us-central1/api). {"metadata":{"emulator":{"name":"functions"},"message":"\u001b[1mhttp\u001b[22m function initialized (http://127.0.0.1:5001/aliexpress-clone-73a90/us-central1/api)."}}
[debug] [2023-03-07T17:10:36.476Z] [work-queue] {"queuedWork":["/aliexpress-clone-73a90/us-central1/api-2023-03-07T17:10:36.476Z"],"queueLength":1,"runningWork":[],"workRunningCount":0}
[debug] [2023-03-07T17:10:36.477Z] [work-queue] {"queuedWork":[],"queueLength":0,"runningWork":["/aliexpress-clone-73a90/us-central1/api-2023-03-07T17:10:36.476Z"],"workRunningCount":1}
[debug] [2023-03-07T17:10:36.478Z] Accepted request GET /aliexpress-clone-73a90/us-central1/api --> us-central1-api
[debug] [2023-03-07T17:10:37.254Z] [functions] Runtime ready! Sending request! {"metadata":{"emulator":{"name":"functions"},"message":"[functions] Runtime ready! Sending request!"}}
[debug] [2023-03-07T17:10:37.316Z] [functions] Got req.url=/aliexpress-clone-73a90/us-central1/api, mapping to path=/ {"metadata":{"emulator":{"name":"functions"},"message":"[functions] Got req.url=/aliexpress-clone-73a90/us-central1/api, mapping to path=/"}}
[debug] [2023-03-07T17:10:37.770Z] [worker-pool] addWorker(us-central1-api) {"metadata":{"emulator":{"name":"functions"},"message":"[worker-pool] addWorker(us-central1-api)"}}
[debug] [2023-03-07T17:10:37.805Z] [worker-pool] Adding worker with key us-central1-api, total=1 {"metadata":{"emulator":{"name":"functions"},"message":"[worker-pool] Adding worker with key us-central1-api, total=1"}}
[error] !!  functions: Failed to handle request for function us-central1-api {"metadata":{"emulator":{"name":"functions"},"message":"Failed to handle request for function us-central1-api"}}
[error] !!  functions: Failed to start functions in C:\Users\stss\Desktop\react\my-project\functions: FirebaseError: Failed to load function. {"metadata":{"emulator":{"name":"functions"},"message":"Failed to start functions in C:\\Users\\stss\\Desktop\\react\\my-project\\functions: FirebaseError: Failed to load function."}}
[debug] [2023-03-07T17:11:07.828Z] [work-queue] {"queuedWork":[],"queueLength":0,"runningWork":[],"workRunningCount":0}
[debug] [2023-03-07T17:11:39.308Z] [runtime-status] [11788] Resolved module firebase-admin {"declared":true,"installed":true,"version":"11.5.0","resolution":"C:\\Users\\stss\\Desktop\\react\\my-project\\functions\\node_modules\\firebase-admin\\lib\\index.js"} {"metadata":{"emulator":{"name":"functions"},"function":{"name":"us-central1-api"},"extension":{},"message":"[runtime-status] [11788] Resolved module firebase-admin {\"declared\":true,\"installed\":true,\"version\":\"11.5.0\",\"resolution\":\"C:\\\\Users\\\\stss\\\\Desktop\\\\react\\\\my-project\\\\functions\\\\node_modules\\\\firebase-admin\\\\lib\\\\index.js\"}"}}
[debug] [2023-03-07T17:11:39.309Z] [runtime-status] [11788] Resolved module firebase-functions {"declared":true,"installed":true,"version":"4.2.1","resolution":"C:\\Users\\stss\\Desktop\\react\\my-project\\functions\\node_modules\\firebase-functions\\lib\\v1\\index.js"} {"metadata":{"emulator":{"name":"functions"},"function":{"name":"us-central1-api"},"extension":{},"message":"[runtime-status] [11788] Resolved module firebase-functions {\"declared\":true,\"installed\":true,\"version\":\"4.2.1\",\"resolution\":\"C:\\\\Users\\\\stss\\\\Desktop\\\\react\\\\my-project\\\\functions\\\\node_modules\\\\firebase-functions\\\\lib\\\\v1\\\\index.js\"}"}}
[debug] [2023-03-07T17:11:39.310Z] [runtime-status] [11788] Outgoing network have been stubbed. [{"name":"http","status":"mocked"},{"name":"http","status":"mocked"},{"name":"https","status":"mocked"},{"name":"https","status":"mocked"},{"name":"net","status":"mocked"}] {"metadata":{"emulator":{"name":"functions"},"function":{"name":"us-central1-api"},"extension":{},"message":"[runtime-status] [11788] Outgoing network have been stubbed. [{\"name\":\"http\",\"status\":\"mocked\"},{\"name\":\"http\",\"status\":\"mocked\"},{\"name\":\"https\",\"status\":\"mocked\"},{\"name\":\"https\",\"status\":\"mocked\"},{\"name\":\"net\",\"status\":\"mocked\"}]"}}
[debug] [2023-03-07T17:11:39.311Z] [runtime-status] [11788] Resolved module firebase-functions {"declared":true,"installed":true,"version":"4.2.1","resolution":"C:\\Users\\stss\\Desktop\\react\\my-project\\functions\\node_modules\\firebase-functions\\lib\\v1\\index.js"} {"metadata":{"emulator":{"name":"functions"},"function":{"name":"us-central1-api"},"extension":{},"message":"[runtime-status] [11788] Resolved module firebase-functions {\"declared\":true,\"installed\":true,\"version\":\"4.2.1\",\"resolution\":\"C:\\\\Users\\\\stss\\\\Desktop\\\\react\\\\my-project\\\\functions\\\\node_modules\\\\firebase-functions\\\\lib\\\\v1\\\\index.js\"}"}}
[debug] [2023-03-07T17:11:40.191Z] [runtime-status] [11788] Checked functions.config() {"config":{}} {"metadata":{"emulator":{"name":"functions"},"function":{"name":"us-central1-api"},"extension":{},"message":"[runtime-status] [11788] Checked functions.config() {\"config\":{}}"}}
[debug] [2023-03-07T17:11:40.191Z] [runtime-status] [11788] firebase-functions has been stubbed. {"functionsResolution":{"declared":true,"installed":true,"version":"4.2.1","resolution":"C:\\Users\\stss\\Desktop\\react\\my-project\\functions\\node_modules\\firebase-functions\\lib\\v1\\index.js"}} {"metadata":{"emulator":{"name":"functions"},"function":{"name":"us-central1-api"},"extension":{},"message":"[runtime-status] [11788] firebase-functions has been stubbed. {\"functionsResolution\":{\"declared\":true,\"installed\":true,\"version\":\"4.2.1\",\"resolution\":\"C:\\\\Users\\\\stss\\\\Desktop\\\\react\\\\my-project\\\\functions\\\\node_modules\\\\firebase-functions\\\\lib\\\\v1\\\\index.js\"}}"}}
[debug] [2023-03-07T17:11:40.195Z] [runtime-status] [11788] Resolved module firebase-functions {"declared":true,"installed":true,"version":"4.2.1","resolution":"C:\\Users\\stss\\Desktop\\react\\my-project\\functions\\node_modules\\firebase-functions\\lib\\v1\\index.js"} {"metadata":{"emulator":{"name":"functions"},"function":{"name":"us-central1-api"},"extension":{},"message":"[runtime-status] [11788] Resolved module firebase-functions {\"declared\":true,\"installed\":true,\"version\":\"4.2.1\",\"resolution\":\"C:\\\\Users\\\\stss\\\\Desktop\\\\react\\\\my-project\\\\functions\\\\node_modules\\\\firebase-functions\\\\lib\\\\v1\\\\index.js\"}"}}
[debug] [2023-03-07T17:11:40.199Z] [runtime-status] [11788] Resolved module firebase-admin {"declared":true,"installed":true,"version":"11.5.0","resolution":"C:\\Users\\stss\\Desktop\\react\\my-project\\functions\\node_modules\\firebase-admin\\lib\\index.js"} {"metadata":{"emulator":{"name":"functions"},"function":{"name":"us-central1-api"},"extension":{},"message":"[runtime-status] [11788] Resolved module firebase-admin {\"declared\":true,\"installed\":true,\"version\":\"11.5.0\",\"resolution\":\"C:\\\\Users\\\\stss\\\\Desktop\\\\react\\\\my-project\\\\functions\\\\node_modules\\\\firebase-admin\\\\lib\\\\index.js\"}"}}
[debug] [2023-03-07T17:11:40.383Z] [runtime-status] [11788] Resolved module firebase-functions {"declared":true,"installed":true,"version":"4.2.1","resolution":"C:\\Users\\stss\\Desktop\\react\\my-project\\functions\\node_modules\\firebase-functions\\lib\\v1\\index.js"} {"metadata":{"emulator":{"name":"functions"},"function":{"name":"us-central1-api"},"extension":{},"message":"[runtime-status] [11788] Resolved module firebase-functions {\"declared\":true,\"installed\":true,\"version\":\"4.2.1\",\"resolution\":\"C:\\\\Users\\\\stss\\\\Desktop\\\\react\\\\my-project\\\\functions\\\\node_modules\\\\firebase-functions\\\\lib\\\\v1\\\\index.js\"}"}}
[debug] [2023-03-07T17:11:40.384Z] [runtime-status] [11788] firebase-admin has been stubbed. {"adminResolution":{"declared":true,"installed":true,"version":"11.5.0","resolution":"C:\\Users\\stss\\Desktop\\react\\my-project\\functions\\node_modules\\firebase-admin\\lib\\index.js"}} {"metadata":{"emulator":{"name":"functions"},"function":{"name":"us-central1-api"},"extension":{},"message":"[runtime-status] [11788] firebase-admin has been stubbed. {\"adminResolution\":{\"declared\":true,\"installed\":true,\"version\":\"11.5.0\",\"resolution\":\"C:\\\\Users\\\\stss\\\\Desktop\\\\react\\\\my-project\\\\functions\\\\node_modules\\\\firebase-admin\\\\lib\\\\index.js\"}}"}}
[debug] [2023-03-07T17:11:41.292Z] [runtime-status] [11788] Functions runtime initialized. {"cwd":"C:\\Users\\stss\\Desktop\\react\\my-project\\functions","node_version":"19.7.0"} {"metadata":{"emulator":{"name":"functions"},"function":{"name":"us-central1-api"},"extension":{},"message":"[runtime-status] [11788] Functions runtime initialized. {\"cwd\":\"C:\\\\Users\\\\stss\\\\Desktop\\\\react\\\\my-project\\\\functions\",\"node_version\":\"19.7.0\"}"}}
[debug] [2023-03-07T17:11:41.293Z] [runtime-status] [11788] Listening to port: \\?\pipe\fire_emu_7fc6a5850af9e014 {"metadata":{"emulator":{"name":"functions"},"function":{"name":"us-central1-api"},"extension":{},"message":"[runtime-status] [11788] Listening to port: \\\\?\\pipe\\fire_emu_7fc6a5850af9e014"}}
[debug] [2023-03-07T17:12:02.073Z] File C:\Users\stss\Desktop\react\my-project\functions\index.js changed, reloading triggers {"metadata":{"emulator":{"name":"functions"},"message":"File C:\\Users\\stss\\Desktop\\react\\my-project\\functions\\index.js changed, reloading triggers"}}
[debug] [2023-03-07T17:12:03.086Z] Validating nodejs source
[debug] [2023-03-07T17:12:10.333Z] > [functions] package.json contents: {
  "name": "functions",
  "description": "Cloud Functions for Firebase",
  "scripts": {
    "lint": "eslint .",
    "serve": "firebase emulators:start --only functions",
    "shell": "firebase functions:shell",
    "start": "npm run shell",
    "deploy": "firebase deploy --only functions",
    "logs": "firebase functions:log"
  },
  "engines": {
    "node": "16"
  },
  "main": "index.js",
  "dependencies": {
    "cors": "^2.8.5",
    "express": "^4.18.2",
    "firebase-admin": "^11.5.0",
    "firebase-functions": "^4.2.1",
    "morgan": "^1.10.0",
    "stripe": "^11.13.0"
  },
  "devDependencies": {
    "eslint": "^8.15.0",
    "eslint-config-google": "^0.14.0",
    "firebase-functions-test": "^3.0.0"
  },
  "rewrites": {
    "functions": "savedDev"
  },
  "private": true
}
[debug] [2023-03-07T17:12:10.334Z] Building nodejs source
[debug] [2023-03-07T17:12:10.334Z] Failed to find version of module node: reached end of search path C:\Users\stss\Desktop\react\my-project\functions\node_modules
[warn] !  functions: Your requested "node" version "16" doesn't match your global version "19". Using node@19 from host. 
[debug] [2023-03-07T17:12:10.340Z] Could not find functions.yaml. Must use http discovery
[debug] [2023-03-07T17:12:10.367Z] Found firebase-functions binary at 'C:\Users\stss\Desktop\react\my-project\functions\node_modules\.bin\firebase-functions'
[debug] [2023-03-07T17:12:11.287Z] Serving at port 8465

[debug] [2023-03-07T17:12:12.434Z] Got response from /__/functions.yaml {"endpoints":{"api":{"platform":"gcfv1","availableMemoryMb":null,"timeoutSeconds":null,"minInstances":null,"maxInstances":null,"ingressSettings":null,"serviceAccountEmail":null,"vpc":null,"httpsTrigger":{},"entryPoint":"api"}},"specVersion":"v1alpha1","requiredAPIs":[]}
[debug] [2023-03-07T17:12:12.446Z] shutdown requested via /__/quitquitquit

[info] +  functions: Loaded functions definitions from source: api. {"metadata":{"emulator":{"name":"functions"},"message":"Loaded functions definitions from source: api."}}
[debug] [2023-03-07T17:13:07.673Z] [work-queue] {"queuedWork":["/aliexpress-clone-73a90/us-central1/api-2023-03-07T17:13:07.673Z"],"queueLength":1,"runningWork":[],"workRunningCount":0}
[debug] [2023-03-07T17:13:07.674Z] [work-queue] {"queuedWork":[],"queueLength":0,"runningWork":["/aliexpress-clone-73a90/us-central1/api-2023-03-07T17:13:07.673Z"],"workRunningCount":1}
[debug] [2023-03-07T17:13:07.674Z] Accepted request GET /aliexpress-clone-73a90/us-central1/api --> us-central1-api
[debug] [2023-03-07T17:13:07.690Z] [functions] Runtime ready! Sending request! {"metadata":{"emulator":{"name":"functions"},"message":"[functions] Runtime ready! Sending request!"}}
[debug] [2023-03-07T17:13:07.691Z] [functions] Got req.url=/aliexpress-clone-73a90/us-central1/api, mapping to path=/ {"metadata":{"emulator":{"name":"functions"},"message":"[functions] Got req.url=/aliexpress-clone-73a90/us-central1/api, mapping to path=/"}}
[debug] [2023-03-07T17:13:07.707Z] [worker-pool] addWorker(us-central1-api) {"metadata":{"emulator":{"name":"functions"},"message":"[worker-pool] addWorker(us-central1-api)"}}
[debug] [2023-03-07T17:13:07.709Z] [worker-pool] Adding worker with key us-central1-api, total=2 {"metadata":{"emulator":{"name":"functions"},"message":"[worker-pool] Adding worker with key us-central1-api, total=2"}}
[debug] [2023-03-07T17:13:13.729Z] [runtime-status] [12756] Resolved module firebase-admin {"declared":true,"installed":true,"version":"11.5.0","resolution":"C:\\Users\\stss\\Desktop\\react\\my-project\\functions\\node_modules\\firebase-admin\\lib\\index.js"} {"metadata":{"emulator":{"name":"functions"},"function":{"name":"us-central1-api"},"extension":{},"message":"[runtime-status] [12756] Resolved module firebase-admin {\"declared\":true,\"installed\":true,\"version\":\"11.5.0\",\"resolution\":\"C:\\\\Users\\\\stss\\\\Desktop\\\\react\\\\my-project\\\\functions\\\\node_modules\\\\firebase-admin\\\\lib\\\\index.js\"}"}}
[debug] [2023-03-07T17:13:13.733Z] [runtime-status] [12756] Resolved module firebase-functions {"declared":true,"installed":true,"version":"4.2.1","resolution":"C:\\Users\\stss\\Desktop\\react\\my-project\\functions\\node_modules\\firebase-functions\\lib\\v1\\index.js"} {"metadata":{"emulator":{"name":"functions"},"function":{"name":"us-central1-api"},"extension":{},"message":"[runtime-status] [12756] Resolved module firebase-functions {\"declared\":true,\"installed\":true,\"version\":\"4.2.1\",\"resolution\":\"C:\\\\Users\\\\stss\\\\Desktop\\\\react\\\\my-project\\\\functions\\\\node_modules\\\\firebase-functions\\\\lib\\\\v1\\\\index.js\"}"}}
[debug] [2023-03-07T17:13:13.734Z] [runtime-status] [12756] Outgoing network have been stubbed. [{"name":"http","status":"mocked"},{"name":"http","status":"mocked"},{"name":"https","status":"mocked"},{"name":"https","status":"mocked"},{"name":"net","status":"mocked"}] {"metadata":{"emulator":{"name":"functions"},"function":{"name":"us-central1-api"},"extension":{},"message":"[runtime-status] [12756] Outgoing network have been stubbed. [{\"name\":\"http\",\"status\":\"mocked\"},{\"name\":\"http\",\"status\":\"mocked\"},{\"name\":\"https\",\"status\":\"mocked\"},{\"name\":\"https\",\"status\":\"mocked\"},{\"name\":\"net\",\"status\":\"mocked\"}]"}}
[debug] [2023-03-07T17:13:13.738Z] [runtime-status] [12756] Resolved module firebase-functions {"declared":true,"installed":true,"version":"4.2.1","resolution":"C:\\Users\\stss\\Desktop\\react\\my-project\\functions\\node_modules\\firebase-functions\\lib\\v1\\index.js"} {"metadata":{"emulator":{"name":"functions"},"function":{"name":"us-central1-api"},"extension":{},"message":"[runtime-status] [12756] Resolved module firebase-functions {\"declared\":true,\"installed\":true,\"version\":\"4.2.1\",\"resolution\":\"C:\\\\Users\\\\stss\\\\Desktop\\\\react\\\\my-project\\\\functions\\\\node_modules\\\\firebase-functions\\\\lib\\\\v1\\\\index.js\"}"}}
[debug] [2023-03-07T17:13:15.654Z] [runtime-status] [12756] Checked functions.config() {"config":{}} {"metadata":{"emulator":{"name":"functions"},"function":{"name":"us-central1-api"},"extension":{},"message":"[runtime-status] [12756] Checked functions.config() {\"config\":{}}"}}
[debug] [2023-03-07T17:13:15.655Z] [runtime-status] [12756] firebase-functions has been stubbed. {"functionsResolution":{"declared":true,"installed":true,"version":"4.2.1","resolution":"C:\\Users\\stss\\Desktop\\react\\my-project\\functions\\node_modules\\firebase-functions\\lib\\v1\\index.js"}} {"metadata":{"emulator":{"name":"functions"},"function":{"name":"us-central1-api"},"extension":{},"message":"[runtime-status] [12756] firebase-functions has been stubbed. {\"functionsResolution\":{\"declared\":true,\"installed\":true,\"version\":\"4.2.1\",\"resolution\":\"C:\\\\Users\\\\stss\\\\Desktop\\\\react\\\\my-project\\\\functions\\\\node_modules\\\\firebase-functions\\\\lib\\\\v1\\\\index.js\"}}"}}
[debug] [2023-03-07T17:13:15.657Z] [runtime-status] [12756] Resolved module firebase-functions {"declared":true,"installed":true,"version":"4.2.1","resolution":"C:\\Users\\stss\\Desktop\\react\\my-project\\functions\\node_modules\\firebase-functions\\lib\\v1\\index.js"} {"metadata":{"emulator":{"name":"functions"},"function":{"name":"us-central1-api"},"extension":{},"message":"[runtime-status] [12756] Resolved module firebase-functions {\"declared\":true,\"installed\":true,\"version\":\"4.2.1\",\"resolution\":\"C:\\\\Users\\\\stss\\\\Desktop\\\\react\\\\my-project\\\\functions\\\\node_modules\\\\firebase-functions\\\\lib\\\\v1\\\\index.js\"}"}}
[debug] [2023-03-07T17:13:15.660Z] [runtime-status] [12756] Resolved module firebase-admin {"declared":true,"installed":true,"version":"11.5.0","resolution":"C:\\Users\\stss\\Desktop\\react\\my-project\\functions\\node_modules\\firebase-admin\\lib\\index.js"} {"metadata":{"emulator":{"name":"functions"},"function":{"name":"us-central1-api"},"extension":{},"message":"[runtime-status] [12756] Resolved module firebase-admin {\"declared\":true,\"installed\":true,\"version\":\"11.5.0\",\"resolution\":\"C:\\\\Users\\\\stss\\\\Desktop\\\\react\\\\my-project\\\\functions\\\\node_modules\\\\firebase-admin\\\\lib\\\\index.js\"}"}}
[debug] [2023-03-07T17:13:15.673Z] [runtime-status] [12756] Resolved module firebase-functions {"declared":true,"installed":true,"version":"4.2.1","resolution":"C:\\Users\\stss\\Desktop\\react\\my-project\\functions\\node_modules\\firebase-functions\\lib\\v1\\index.js"} {"metadata":{"emulator":{"name":"functions"},"function":{"name":"us-central1-api"},"extension":{},"message":"[runtime-status] [12756] Resolved module firebase-functions {\"declared\":true,\"installed\":true,\"version\":\"4.2.1\",\"resolution\":\"C:\\\\Users\\\\stss\\\\Desktop\\\\react\\\\my-project\\\\functions\\\\node_modules\\\\firebase-functions\\\\lib\\\\v1\\\\index.js\"}"}}
[debug] [2023-03-07T17:13:15.674Z] [runtime-status] [12756] firebase-admin has been stubbed. {"adminResolution":{"declared":true,"installed":true,"version":"11.5.0","resolution":"C:\\Users\\stss\\Desktop\\react\\my-project\\functions\\node_modules\\firebase-admin\\lib\\index.js"}} {"metadata":{"emulator":{"name":"functions"},"function":{"name":"us-central1-api"},"extension":{},"message":"[runtime-status] [12756] firebase-admin has been stubbed. {\"adminResolution\":{\"declared\":true,\"installed\":true,\"version\":\"11.5.0\",\"resolution\":\"C:\\\\Users\\\\stss\\\\Desktop\\\\react\\\\my-project\\\\functions\\\\node_modules\\\\firebase-admin\\\\lib\\\\index.js\"}}"}}
[debug] [2023-03-07T17:13:18.030Z] [runtime-status] [12756] Functions runtime initialized. {"cwd":"C:\\Users\\stss\\Desktop\\react\\my-project\\functions","node_version":"19.7.0"} {"metadata":{"emulator":{"name":"functions"},"function":{"name":"us-central1-api"},"extension":{},"message":"[runtime-status] [12756] Functions runtime initialized. {\"cwd\":\"C:\\\\Users\\\\stss\\\\Desktop\\\\react\\\\my-project\\\\functions\",\"node_version\":\"19.7.0\"}"}}
[debug] [2023-03-07T17:13:18.031Z] [runtime-status] [12756] Listening to port: \\?\pipe\fire_emu_de2375d554d9cb55 {"metadata":{"emulator":{"name":"functions"},"function":{"name":"us-central1-api"},"extension":{},"message":"[runtime-status] [12756] Listening to port: \\\\?\\pipe\\fire_emu_de2375d554d9cb55"}}
[debug] [2023-03-07T17:13:18.097Z] [worker-us-central1-api-6d25bfe0-c71b-44a0-9c84-5cd4125c70c2]: IDLE {"metadata":{"emulator":{"name":"functions"},"function":{"name":"us-central1-api"},"extension":{},"message":"[worker-us-central1-api-6d25bfe0-c71b-44a0-9c84-5cd4125c70c2]: IDLE"}}
[debug] [2023-03-07T17:13:18.098Z] [worker-pool] submitRequest(triggerId=us-central1-api) {"metadata":{"emulator":{"name":"functions"},"message":"[worker-pool] submitRequest(triggerId=us-central1-api)"}}
[info] i  functions: Beginning execution of "us-central1-api" {"metadata":{"emulator":{"name":"functions"},"function":{"name":"us-central1-api"},"extension":{},"message":"Beginning execution of \"us-central1-api\""}}
[debug] [2023-03-07T17:13:18.148Z] [worker-us-central1-api-6d25bfe0-c71b-44a0-9c84-5cd4125c70c2]: BUSY {"metadata":{"emulator":{"name":"functions"},"function":{"name":"us-central1-api"},"extension":{},"message":"[worker-us-central1-api-6d25bfe0-c71b-44a0-9c84-5cd4125c70c2]: BUSY"}}
[info] i  functions: Finished "us-central1-api" in 17.9946ms {"metadata":{"emulator":{"name":"functions"},"function":{"name":"us-central1-api"},"extension":{},"message":"Finished \"us-central1-api\" in 17.9946ms"}}
[debug] [2023-03-07T17:13:18.169Z] [worker-us-central1-api-6d25bfe0-c71b-44a0-9c84-5cd4125c70c2]: IDLE {"metadata":{"emulator":{"name":"functions"},"function":{"name":"us-central1-api"},"extension":{},"message":"[worker-us-central1-api-6d25bfe0-c71b-44a0-9c84-5cd4125c70c2]: IDLE"}}
[debug] [2023-03-07T17:13:18.171Z] [work-queue] {"queuedWork":[],"queueLength":0,"runningWork":[],"workRunningCount":0}
[debug] [2023-03-07T17:13:20.144Z] Functions emulator received unknown request at path /favicon.ico
[debug] [2023-03-07T17:13:34.611Z] [work-queue] {"queuedWork":["/aliexpress-clone-73a90/us-central1/api-2023-03-07T17:13:34.610Z"],"queueLength":1,"runningWork":[],"workRunningCount":0}
[debug] [2023-03-07T17:13:34.611Z] [work-queue] {"queuedWork":[],"queueLength":0,"runningWork":["/aliexpress-clone-73a90/us-central1/api-2023-03-07T17:13:34.610Z"],"workRunningCount":1}
[debug] [2023-03-07T17:13:34.611Z] Accepted request POST /aliexpress-clone-73a90/us-central1/api --> us-central1-api
[debug] [2023-03-07T17:13:34.620Z] [functions] Runtime ready! Sending request! {"metadata":{"emulator":{"name":"functions"},"message":"[functions] Runtime ready! Sending request!"}}
[debug] [2023-03-07T17:13:34.621Z] [functions] Got req.url=/aliexpress-clone-73a90/us-central1/api, mapping to path=/ {"metadata":{"emulator":{"name":"functions"},"message":"[functions] Got req.url=/aliexpress-clone-73a90/us-central1/api, mapping to path=/"}}
[debug] [2023-03-07T17:13:34.621Z] [worker-pool] submitRequest(triggerId=us-central1-api) {"metadata":{"emulator":{"name":"functions"},"message":"[worker-pool] submitRequest(triggerId=us-central1-api)"}}
[info] i  functions: Beginning execution of "us-central1-api" {"metadata":{"emulator":{"name":"functions"},"function":{"name":"us-central1-api"},"extension":{},"message":"Beginning execution of \"us-central1-api\""}}
[debug] [2023-03-07T17:13:34.623Z] [worker-us-central1-api-6d25bfe0-c71b-44a0-9c84-5cd4125c70c2]: BUSY {"metadata":{"emulator":{"name":"functions"},"function":{"name":"us-central1-api"},"extension":{},"message":"[worker-us-central1-api-6d25bfe0-c71b-44a0-9c84-5cd4125c70c2]: BUSY"}}
[info] i  functions: Finished "us-central1-api" in 642.5322ms {"metadata":{"emulator":{"name":"functions"},"function":{"name":"us-central1-api"},"extension":{},"message":"Finished \"us-central1-api\" in 642.5322ms"}}
[debug] [2023-03-07T17:13:35.294Z] [worker-us-central1-api-6d25bfe0-c71b-44a0-9c84-5cd4125c70c2]: IDLE {"metadata":{"emulator":{"name":"functions"},"function":{"name":"us-central1-api"},"extension":{},"message":"[worker-us-central1-api-6d25bfe0-c71b-44a0-9c84-5cd4125c70c2]: IDLE"}}
[debug] [2023-03-07T17:13:35.295Z] [work-queue] {"queuedWork":[],"queueLength":0,"runningWork":[],"workRunningCount":0}
[debug] [2023-03-07T17:15:40.553Z] [work-queue] {"queuedWork":["/aliexpress-clone-73a90/us-central1/api-2023-03-07T17:15:40.552Z"],"queueLength":1,"runningWork":[],"workRunningCount":0}
[debug] [2023-03-07T17:15:40.554Z] [work-queue] {"queuedWork":[],"queueLength":0,"runningWork":["/aliexpress-clone-73a90/us-central1/api-2023-03-07T17:15:40.552Z"],"workRunningCount":1}
[debug] [2023-03-07T17:15:40.554Z] Accepted request POST /aliexpress-clone-73a90/us-central1/api --> us-central1-api
[debug] [2023-03-07T17:15:40.615Z] [functions] Runtime ready! Sending request! {"metadata":{"emulator":{"name":"functions"},"message":"[functions] Runtime ready! Sending request!"}}
[debug] [2023-03-07T17:15:40.615Z] [functions] Got req.url=/aliexpress-clone-73a90/us-central1/api, mapping to path=/ {"metadata":{"emulator":{"name":"functions"},"message":"[functions] Got req.url=/aliexpress-clone-73a90/us-central1/api, mapping to path=/"}}
[debug] [2023-03-07T17:15:40.615Z] [worker-pool] submitRequest(triggerId=us-central1-api) {"metadata":{"emulator":{"name":"functions"},"message":"[worker-pool] submitRequest(triggerId=us-central1-api)"}}
[info] i  functions: Beginning execution of "us-central1-api" {"metadata":{"emulator":{"name":"functions"},"function":{"name":"us-central1-api"},"extension":{},"message":"Beginning execution of \"us-central1-api\""}}
[debug] [2023-03-07T17:15:40.618Z] [worker-us-central1-api-6d25bfe0-c71b-44a0-9c84-5cd4125c70c2]: BUSY {"metadata":{"emulator":{"name":"functions"},"function":{"name":"us-central1-api"},"extension":{},"message":"[worker-us-central1-api-6d25bfe0-c71b-44a0-9c84-5cd4125c70c2]: BUSY"}}
[info] i  functions: Finished "us-central1-api" in 12.8204ms {"metadata":{"emulator":{"name":"functions"},"function":{"name":"us-central1-api"},"extension":{},"message":"Finished \"us-central1-api\" in 12.8204ms"}}
[debug] [2023-03-07T17:15:40.633Z] [worker-us-central1-api-6d25bfe0-c71b-44a0-9c84-5cd4125c70c2]: IDLE {"metadata":{"emulator":{"name":"functions"},"function":{"name":"us-central1-api"},"extension":{},"message":"[worker-us-central1-api-6d25bfe0-c71b-44a0-9c84-5cd4125c70c2]: IDLE"}}
[debug] [2023-03-07T17:15:40.634Z] [work-queue] {"queuedWork":[],"queueLength":0,"runningWork":[],"workRunningCount":0}
[debug] [2023-03-07T17:21:54.341Z] [work-queue] {"queuedWork":["/aliexpress-clone-73a90/us-central1/api-2023-03-07T17:21:54.340Z"],"queueLength":1,"runningWork":[],"workRunningCount":0}
[debug] [2023-03-07T17:21:54.343Z] [work-queue] {"queuedWork":[],"queueLength":0,"runningWork":["/aliexpress-clone-73a90/us-central1/api-2023-03-07T17:21:54.340Z"],"workRunningCount":1}
[debug] [2023-03-07T17:21:54.499Z] Accepted request POST /aliexpress-clone-73a90/us-central1/api --> us-central1-api
[debug] [2023-03-07T17:21:56.889Z] [functions] Runtime ready! Sending request! {"metadata":{"emulator":{"name":"functions"},"message":"[functions] Runtime ready! Sending request!"}}
[debug] [2023-03-07T17:21:56.890Z] [functions] Got req.url=/aliexpress-clone-73a90/us-central1/api, mapping to path=/ {"metadata":{"emulator":{"name":"functions"},"message":"[functions] Got req.url=/aliexpress-clone-73a90/us-central1/api, mapping to path=/"}}
[debug] [2023-03-07T17:21:56.890Z] [worker-pool] submitRequest(triggerId=us-central1-api) {"metadata":{"emulator":{"name":"functions"},"message":"[worker-pool] submitRequest(triggerId=us-central1-api)"}}
[info] i  functions: Beginning execution of "us-central1-api" {"metadata":{"emulator":{"name":"functions"},"function":{"name":"us-central1-api"},"extension":{},"message":"Beginning execution of \"us-central1-api\""}}
[debug] [2023-03-07T17:21:56.898Z] [worker-us-central1-api-6d25bfe0-c71b-44a0-9c84-5cd4125c70c2]: BUSY {"metadata":{"emulator":{"name":"functions"},"function":{"name":"us-central1-api"},"extension":{},"message":"[worker-us-central1-api-6d25bfe0-c71b-44a0-9c84-5cd4125c70c2]: BUSY"}}
[info] i  functions: Finished "us-central1-api" in 2903.3575ms {"metadata":{"emulator":{"name":"functions"},"function":{"name":"us-central1-api"},"extension":{},"message":"Finished \"us-central1-api\" in 2903.3575ms"}}
[debug] [2023-03-07T17:21:59.805Z] [worker-us-central1-api-6d25bfe0-c71b-44a0-9c84-5cd4125c70c2]: IDLE {"metadata":{"emulator":{"name":"functions"},"function":{"name":"us-central1-api"},"extension":{},"message":"[worker-us-central1-api-6d25bfe0-c71b-44a0-9c84-5cd4125c70c2]: IDLE"}}
[debug] [2023-03-07T17:21:59.805Z] [work-queue] {"queuedWork":[],"queueLength":0,"runningWork":[],"workRunningCount":0}
[debug] [2023-03-08T15:44:32.971Z] ----------------------------------------------------------------------
[debug] [2023-03-08T15:44:32.977Z] Command:       C:\Program Files\nodejs\node.exe C:\Users\stss\AppData\Roaming\npm\node_modules\firebase-tools\lib\bin\firebase.js emulators:start
[debug] [2023-03-08T15:44:32.978Z] CLI Version:   11.24.0
[debug] [2023-03-08T15:44:32.979Z] Platform:      win32
[debug] [2023-03-08T15:44:32.979Z] Node Version:  v19.7.0
[debug] [2023-03-08T15:44:33.074Z] Time:          Wed Mar 08 2023 16:44:32 GMT+0100 (West Africa Standard Time)
[debug] [2023-03-08T15:44:33.074Z] ----------------------------------------------------------------------
[debug] 
[debug] [2023-03-08T15:44:33.140Z] >>> [apiv2][query] GET https://firebase-public.firebaseio.com/cli.json [none]
[debug] [2023-03-08T15:44:34.139Z] > command requires scopes: ["email","openid","https://www.googleapis.com/auth/cloudplatformprojects.readonly","https://www.googleapis.com/auth/firebase","https://www.googleapis.com/auth/cloud-platform"]
[debug] [2023-03-08T15:44:34.140Z] > authorizing via signed-in user (sethikhielea@gmail.com)
[info] i  emulators: Starting emulators: functions {"metadata":{"emulator":{"name":"hub"},"message":"Starting emulators: functions"}}
[debug] [2023-03-08T15:44:34.169Z] [logging] Logging Emulator only supports listening on one address (127.0.0.1). Not listening on ::1
[debug] [2023-03-08T15:44:34.171Z] assigned listening specs for emulators {"user":{"hub":[{"address":"127.0.0.1","family":"IPv4","port":4400},{"address":"::1","family":"IPv6","port":4400}],"ui":[{"address":"127.0.0.1","family":"IPv4","port":4000},{"address":"::1","family":"IPv6","port":4000}],"logging":[{"address":"127.0.0.1","family":"IPv4","port":4500}]},"metadata":{"message":"assigned listening specs for emulators"}}
[warn] !  emulators: It seems that you are running multiple instances of the emulator suite for project aliexpress-clone-73a90. This may result in unexpected behavior. 
[debug] [2023-03-08T15:44:34.403Z] [hub] writing locator at C:\Users\stss\AppData\Local\Temp\hub-aliexpress-clone-73a90.json
[debug] [2023-03-08T15:44:34.701Z] [functions] Functions Emulator only supports listening on one address (127.0.0.1). Not listening on ::1
[debug] [2023-03-08T15:44:34.702Z] [eventarc] Eventarc Emulator only supports listening on one address (127.0.0.1). Not listening on ::1
[debug] [2023-03-08T15:44:34.703Z] late-assigned ports for functions and eventarc emulators {"user":{"hub":[{"address":"127.0.0.1","family":"IPv4","port":4400},{"address":"::1","family":"IPv6","port":4400}],"ui":[{"address":"127.0.0.1","family":"IPv4","port":4000},{"address":"::1","family":"IPv6","port":4000}],"logging":[{"address":"127.0.0.1","family":"IPv4","port":4500}],"functions":[{"address":"127.0.0.1","family":"IPv4","port":5001}],"eventarc":[{"address":"127.0.0.1","family":"IPv4","port":9299}]},"metadata":{"message":"late-assigned ports for functions and eventarc emulators"}}
[warn] !  functions: The following emulators are not running, calls to these services from the Functions emulator will affect production: auth, firestore, database, hosting, pubsub, storage {"metadata":{"emulator":{"name":"functions"},"message":"The following emulators are not running, calls to these services from the Functions emulator will affect production: \u001b[1mauth, firestore, database, hosting, pubsub, storage\u001b[22m"}}
[debug] [2023-03-08T15:44:34.797Z] defaultcredentials: writing to file C:\Users\stss\AppData\Roaming\firebase\sethikhielea_gmail_com_application_default_credentials.json
[debug] [2023-03-08T15:44:34.966Z] Setting GAC to C:\Users\stss\AppData\Roaming\firebase\sethikhielea_gmail_com_application_default_credentials.json {"metadata":{"emulator":{"name":"functions"},"message":"Setting GAC to C:\\Users\\stss\\AppData\\Roaming\\firebase\\sethikhielea_gmail_com_application_default_credentials.json"}}
[debug] [2023-03-08T15:44:34.968Z] > refreshing access token with scopes: []
[debug] [2023-03-08T15:44:34.970Z] >>> [apiv2][query] POST https://www.googleapis.com/oauth2/v3/token [none]
[debug] [2023-03-08T15:44:34.970Z] >>> [apiv2][body] POST https://www.googleapis.com/oauth2/v3/token [omitted]
[debug] [2023-03-08T15:44:35.973Z] <<< [apiv2][status] GET https://firebase-public.firebaseio.com/cli.json 200
[debug] [2023-03-08T15:44:35.974Z] <<< [apiv2][body] GET https://firebase-public.firebaseio.com/cli.json {"cloudBuildErrorAfter":1594252800000,"cloudBuildWarnAfter":1590019200000,"defaultNode10After":1594252800000,"minVersion":"3.0.5","node8DeploysDisabledAfter":1613390400000,"node8RuntimeDisabledAfter":1615809600000,"node8WarnAfter":1600128000000}
[debug] [2023-03-08T15:44:36.451Z] <<< [apiv2][status] POST https://www.googleapis.com/oauth2/v3/token 200
[debug] [2023-03-08T15:44:36.452Z] <<< [apiv2][body] POST https://www.googleapis.com/oauth2/v3/token [omitted]
[debug] [2023-03-08T15:44:36.855Z] >>> [apiv2][query] GET https://firebase.googleapis.com/v1beta1/projects/aliexpress-clone-73a90/adminSdkConfig [none]
[debug] [2023-03-08T15:44:37.792Z] <<< [apiv2][status] GET https://firebase.googleapis.com/v1beta1/projects/aliexpress-clone-73a90/adminSdkConfig 200
[debug] [2023-03-08T15:44:37.792Z] <<< [apiv2][body] GET https://firebase.googleapis.com/v1beta1/projects/aliexpress-clone-73a90/adminSdkConfig {"projectId":"aliexpress-clone-73a90","storageBucket":"aliexpress-clone-73a90.appspot.com"}
[debug] [2023-03-08T15:44:38.078Z] Ignoring unsupported arg: auto_download {"metadata":{"emulator":{"name":"ui"},"message":"Ignoring unsupported arg: auto_download"}}
[debug] [2023-03-08T15:44:38.079Z] Ignoring unsupported arg: port {"metadata":{"emulator":{"name":"ui"},"message":"Ignoring unsupported arg: port"}}
[debug] [2023-03-08T15:44:38.079Z] Starting Emulator UI with command {"binary":"node","args":["C:\\Users\\stss\\.cache\\firebase\\emulators\\ui-v1.11.4\\server\\server.js"],"optionalArgs":[],"joinArgs":false} {"metadata":{"emulator":{"name":"ui"},"message":"Starting Emulator UI with command {\"binary\":\"node\",\"args\":[\"C:\\\\Users\\\\stss\\\\.cache\\\\firebase\\\\emulators\\\\ui-v1.11.4\\\\server\\\\server.js\"],\"optionalArgs\":[],\"joinArgs\":false}"}}
[info] i  ui: Emulator UI logging to ui-debug.log {"metadata":{"emulator":{"name":"ui"},"message":"Emulator UI logging to \u001b[1mui-debug.log\u001b[22m"}}
[debug] [2023-03-08T15:44:40.734Z] Web / API server started at 127.0.0.1:4000
 {"metadata":{"emulator":{"name":"ui"},"message":"Web / API server started at 127.0.0.1:4000\n"}}
[debug] [2023-03-08T15:44:40.735Z] Web / API server started at ::1:4000
 {"metadata":{"emulator":{"name":"ui"},"message":"Web / API server started at ::1:4000\n"}}
[info] i  functions: Watching "C:\Users\stss\Desktop\react\my-project\functions" for Cloud Functions... {"metadata":{"emulator":{"name":"functions"},"message":"Watching \"C:\\Users\\stss\\Desktop\\react\\my-project\\functions\" for Cloud Functions..."}}
[debug] [2023-03-08T15:44:41.246Z] Validating nodejs source
[debug] [2023-03-08T15:44:52.129Z] checkFunctionsSDKVersion was unable to fetch information from NPM Error: spawnSync C:\Windows\system32\cmd.exe ETIMEDOUT
    at Object.spawnSync (node:internal/child_process:1117:20)
    at Object.spawnSync (node:child_process:871:24)
    at Function.spawnSync [as sync] (C:\Users\stss\AppData\Roaming\npm\node_modules\firebase-tools\node_modules\cross-spawn\index.js:26:23)
    at Object.getLatestSDKVersion (C:\Users\stss\AppData\Roaming\npm\node_modules\firebase-tools\lib\deploy\functions\runtimes\node\versioning.js:55:25)
    at Object.checkFunctionsSDKVersion (C:\Users\stss\AppData\Roaming\npm\node_modules\firebase-tools\lib\deploy\functions\runtimes\node\versioning.js:76:32)
    at Delegate.validate (C:\Users\stss\AppData\Roaming\npm\node_modules\firebase-tools\lib\deploy\functions\runtimes\node\index.js:84:20)
    at FunctionsEmulator.discoverTriggers (C:\Users\stss\AppData\Roaming\npm\node_modules\firebase-tools\lib\emulator\functionsEmulator.js:291:35)
    at async FunctionsEmulator.loadTriggers (C:\Users\stss\AppData\Roaming\npm\node_modules\firebase-tools\lib\emulator\functionsEmulator.js:320:34)
    at async FunctionsEmulator.connect (C:\Users\stss\AppData\Roaming\npm\node_modules\firebase-tools\lib\emulator\functionsEmulator.js:257:13)
    at async Object.startAll (C:\Users\stss\AppData\Roaming\npm\node_modules\firebase-tools\lib\emulator\controller.js:547:13)
    at async C:\Users\stss\AppData\Roaming\npm\node_modules\firebase-tools\lib\commands\emulators-start.js:32:43
[debug] [2023-03-08T15:44:52.131Z] > [functions] package.json contents: {
  "name": "functions",
  "description": "Cloud Functions for Firebase",
  "scripts": {
    "lint": "eslint .",
    "serve": "firebase emulators:start --only functions",
    "shell": "firebase functions:shell",
    "start": "npm run shell",
    "deploy": "firebase deploy --only functions",
    "logs": "firebase functions:log"
  },
  "engines": {
    "node": "16"
  },
  "main": "index.js",
  "dependencies": {
    "cors": "^2.8.5",
    "express": "^4.18.2",
    "firebase-admin": "^11.5.0",
    "firebase-functions": "^4.2.1",
    "morgan": "^1.10.0",
    "stripe": "^11.13.0"
  },
  "devDependencies": {
    "eslint": "^8.15.0",
    "eslint-config-google": "^0.14.0",
    "firebase-functions-test": "^3.0.0"
  },
  "rewrites": {
    "functions": "savedDev"
  },
  "private": true
}
[debug] [2023-03-08T15:44:52.142Z] Building nodejs source
[debug] [2023-03-08T15:44:52.143Z] Failed to find version of module node: reached end of search path C:\Users\stss\Desktop\react\my-project\functions\node_modules
[warn] !  functions: Your requested "node" version "16" doesn't match your global version "19". Using node@19 from host. 
[debug] [2023-03-08T15:44:52.159Z] Could not find functions.yaml. Must use http discovery
[debug] [2023-03-08T15:44:52.753Z] Found firebase-functions binary at 'C:\Users\stss\Desktop\react\my-project\functions\node_modules\.bin\firebase-functions'
[error] !!  functions: Failed to load function definition from source: FetchError: request to http://localhost:8237/__/quitquitquit failed, reason: connect ECONNREFUSED ::1:8237 {"metadata":{"emulator":{"name":"functions"},"message":"Failed to load function definition from source: FetchError: request to http://localhost:8237/__/quitquitquit failed, reason: connect ECONNREFUSED ::1:8237"}}
[info] 
┌─────────────────────────────────────────────────────────────┐
│ ✔  All emulators ready! It is now safe to connect your app. │
│ i  View Emulator UI at http://127.0.0.1:4000/               │
└─────────────────────────────────────────────────────────────┘

┌───────────┬────────────────┬─────────────────────────────────┐
│ Emulator  │ Host:Port      │ View in Emulator UI             │
├───────────┼────────────────┼─────────────────────────────────┤
│ Functions │ 127.0.0.1:5001 │ http://127.0.0.1:4000/functions │
└───────────┴────────────────┴─────────────────────────────────┘
  Emulator Hub running at 127.0.0.1:4400
  Other reserved ports: 4500

Issues? Report them at https://github.com/firebase/firebase-tools/issues and attach the *-debug.log files.
 
[debug] [2023-03-08T15:47:38.402Z] Serving at port 8237

